let on symbol table: (-1;-1)
id on symbol table: (1;0)
constant on symbol table: (1;0)
func on symbol table: (-1;-1)
id on symbol table: (6;0)
constant on symbol table: (6;0)
id on symbol table: (9;0)
constant on symbol table: (9;0)
( on symbol table: (-1;-1)
constant on symbol table: (2;0)
integer on symbol table: (-1;-1)
id on symbol table: (4;0)
constant on symbol table: (4;0)
id on symbol table: (9;1)
constant on symbol table: (9;1)
, on symbol table: (-1;-1)
constant on symbol table: (6;1)
integer on symbol table: (-1;-1)
id on symbol table: (4;0)
constant on symbol table: (4;0)
id on symbol table: (0;0)
constant on symbol table: (0;0)
, on symbol table: (-1;-1)
constant on symbol table: (6;1)
integer on symbol table: (-1;-1)
id on symbol table: (4;0)
constant on symbol table: (4;0)
id on symbol table: (1;1)
constant on symbol table: (1;1)
) on symbol table: (-1;-1)
constant on symbol table: (3;0)
returns on symbol table: (-1;-1)
id on symbol table: (1;2)
constant on symbol table: (1;2)
integer on symbol table: (-1;-1)
id on symbol table: (4;0)
constant on symbol table: (4;0)
{ on symbol table: (-1;-1)
constant on symbol table: (5;0)
print on symbol table: (-1;-1)
id on symbol table: (7;0)
constant on symbol table: (7;0)
constant on symbol table: (0;1)
; on symbol table: (-1;-1)
constant on symbol table: (1;3)
if on symbol table: (-1;-1)
id on symbol table: (1;4)
constant on symbol table: (1;4)
( on symbol table: (-1;-1)
constant on symbol table: (2;0)
id on symbol table: (9;1)
constant on symbol table: (9;1)
> on symbol table: (-1;-1)
constant on symbol table: (4;1)
id on symbol table: (0;0)
constant on symbol table: (0;0)
) on symbol table: (-1;-1)
constant on symbol table: (3;0)
then on symbol table: (-1;-1)
id on symbol table: (9;2)
constant on symbol table: (9;2)
{ on symbol table: (-1;-1)
constant on symbol table: (5;0)
if on symbol table: (-1;-1)
id on symbol table: (1;4)
constant on symbol table: (1;4)
( on symbol table: (-1;-1)
constant on symbol table: (2;0)
id on symbol table: (9;1)
constant on symbol table: (9;1)
> on symbol table: (-1;-1)
constant on symbol table: (4;1)
id on symbol table: (1;1)
constant on symbol table: (1;1)
) on symbol table: (-1;-1)
constant on symbol table: (3;0)
then on symbol table: (-1;-1)
id on symbol table: (9;2)
constant on symbol table: (9;2)
return on symbol table: (-1;-1)
id on symbol table: (4;2)
constant on symbol table: (4;2)
id on symbol table: (9;1)
constant on symbol table: (9;1)
else on symbol table: (-1;-1)
id on symbol table: (3;1)
constant on symbol table: (3;1)
return on symbol table: (-1;-1)
id on symbol table: (4;2)
constant on symbol table: (4;2)
id on symbol table: (1;1)
constant on symbol table: (1;1)
} on symbol table: (-1;-1)
constant on symbol table: (7;1)
else on symbol table: (-1;-1)
id on symbol table: (3;1)
constant on symbol table: (3;1)
{ on symbol table: (-1;-1)
constant on symbol table: (5;0)
if on symbol table: (-1;-1)
id on symbol table: (1;4)
constant on symbol table: (1;4)
( on symbol table: (-1;-1)
constant on symbol table: (2;0)
id on symbol table: (0;0)
constant on symbol table: (0;0)
> on symbol table: (-1;-1)
constant on symbol table: (4;1)
id on symbol table: (1;1)
constant on symbol table: (1;1)
) on symbol table: (-1;-1)
constant on symbol table: (3;0)
then on symbol table: (-1;-1)
id on symbol table: (9;2)
constant on symbol table: (9;2)
return on symbol table: (-1;-1)
id on symbol table: (4;2)
constant on symbol table: (4;2)
id on symbol table: (0;0)
constant on symbol table: (0;0)
else on symbol table: (-1;-1)
id on symbol table: (3;1)
constant on symbol table: (3;1)
return on symbol table: (-1;-1)
id on symbol table: (4;2)
constant on symbol table: (4;2)
id on symbol table: (1;1)
constant on symbol table: (1;1)
} on symbol table: (-1;-1)
constant on symbol table: (7;1)
} on symbol table: (-1;-1)
constant on symbol table: (7;1)
; on symbol table: (-1;-1)
constant on symbol table: (1;3)
