let on symbol table: (-1;-1)
func on symbol table: (-1;-1)
compute_sum_array on symbol table: (3;0)
( on symbol table: (-1;-1)
array on symbol table: (-1;-1)
arr on symbol table: (1;0)
, on symbol table: (-1;-1)
integer on symbol table: (-1;-1)
len on symbol table: (5;0)
) on symbol table: (-1;-1)
returns on symbol table: (-1;-1)
integer on symbol table: (-1;-1)
{ on symbol table: (-1;-1)
let on symbol table: (-1;-1)
i on symbol table: (7;0)
= on symbol table: (-1;-1)
0 on symbol table: (0;0)
; on symbol table: (-1;-1)
let on symbol table: (-1;-1)
s on symbol table: (7;1)
= on symbol table: (-1;-1)
0 on symbol table: (0;0)
; on symbol table: (-1;-1)
while on symbol table: (-1;-1)
( on symbol table: (-1;-1)
i on symbol table: (7;0)
< on symbol table: (-1;-1)
len on symbol table: (5;0)
) on symbol table: (-1;-1)
then on symbol table: (-1;-1)
{ on symbol table: (-1;-1)
s on symbol table: (7;1)
= on symbol table: (-1;-1)
s on symbol table: (7;1)
+ on symbol table: (-1;-1)
arr[i] on symbol table: (6;0)
; on symbol table: (-1;-1)
i on symbol table: (7;0)
= on symbol table: (-1;-1)
i on symbol table: (7;0)
+ on symbol table: (-1;-1)
1 on symbol table: (1;1)
; on symbol table: (-1;-1)
} on symbol table: (-1;-1)
return on symbol table: (-1;-1)
s on symbol table: (7;1)
} on symbol table: (-1;-1)
; on symbol table: (-1;-1)
